0 info it worked if it ends with ok
1 verbose cli [ 'node',
1 verbose cli   '/usr/local/bin/npm',
1 verbose cli   'install',
1 verbose cli   '--save',
1 verbose cli   'social-share.js' ]
2 info using npm@2.11.3
3 info using node@v0.12.7
4 verbose install initial load of /Users/jacky/www/gitcafe/JackyTao.github.io/package.json
5 warn package.json so-simple-theme@ No license field.
6 verbose installManyTop reading scoped package data from /Users/jacky/www/gitcafe/JackyTao.github.io/node_modules/gulp/package.json
7 verbose installManyTop reading scoped package data from /Users/jacky/www/gitcafe/JackyTao.github.io/node_modules/gulp-coffee/package.json
8 info package.json gulp@3.8.11 No license field.
9 info package.json gulp-coffee@2.3.1 No license field.
10 verbose readDependencies loading dependencies from /Users/jacky/www/gitcafe/JackyTao.github.io/package.json
11 silly cache add args [ 'social-share.js', null ]
12 verbose cache add spec social-share.js
13 silly cache add parsed spec { raw: 'social-share.js',
13 silly cache add   scope: null,
13 silly cache add   name: 'social-share.js',
13 silly cache add   rawSpec: '',
13 silly cache add   spec: '*',
13 silly cache add   type: 'range' }
14 silly addNamed social-share.js@*
15 verbose addNamed "*" is a valid semver range for social-share.js
16 silly addNameRange { name: 'social-share.js', range: '*', hasData: false }
17 silly mapToRegistry name social-share.js
18 silly mapToRegistry using default registry
19 silly mapToRegistry registry https://registry.npmjs.org/
20 silly mapToRegistry uri https://registry.npmjs.org/social-share.js
21 verbose addNameRange registry:https://registry.npmjs.org/social-share.js not in flight; fetching
22 verbose request uri https://registry.npmjs.org/social-share.js
23 verbose request no auth needed
24 info attempt registry request try #1 at 11:34:33
25 verbose request id 8d9dec3ae14cfc64
26 http request GET https://registry.npmjs.org/social-share.js
27 info retry will retry, error on last attempt: Error: socket hang up
28 info attempt registry request try #2 at 11:35:50
29 http request GET https://registry.npmjs.org/social-share.js
30 info retry will retry, error on last attempt: Error: socket hang up
31 info attempt registry request try #3 at 11:37:52
32 http request GET https://registry.npmjs.org/social-share.js
33 verbose stack Error: socket hang up
33 verbose stack     at createHangUpError (_http_client.js:215:15)
33 verbose stack     at TLSSocket.socketOnEnd (_http_client.js:300:23)
33 verbose stack     at TLSSocket.emit (events.js:129:20)
33 verbose stack     at _stream_readable.js:908:16
33 verbose stack     at process._tickCallback (node.js:355:11)
34 verbose cwd /Users/jacky/www/gitcafe/JackyTao.github.io
35 error Darwin 15.2.0
36 error argv "node" "/usr/local/bin/npm" "install" "--save" "social-share.js"
37 error node v0.12.7
38 error npm  v2.11.3
39 error code ECONNRESET
40 error network socket hang up
40 error network This is most likely not a problem with npm itself
40 error network and is related to network connectivity.
40 error network In most cases you are behind a proxy or have bad network settings.
40 error network
40 error network If you are behind a proxy, please make sure that the
40 error network 'proxy' config is set properly.  See: 'npm help config'
41 verbose exit [ 1, true ]
